61 178 228 285 476 501 563 864 
61 209 285 447 451 476 501 563 919 
51 285 457 476 569 864 
54 178 447 451 501 563 864 
191 209 451 569 
51 54 65 178 228 285 451 476 563 569 
51 447 501 
54 191 228 285 447 
54 65 191 209 476 864 
65 178 209 285 407 451 457 501 563 859 919 
61 178 451 864 919 
51 61 65 178 447 451 457 569 859 919 
51 61 285 569 859 919 
178 285 407 447 451 563 569 
51 54 178 191 457 501 864 919 
191 447 451 476 864 
61 178 457 859 
51 65 447 457 501 563 
54 61 65 228 285 447 476 563 859 
209 228 451 501 563 859 864 919 
